[2018-05-16T12:47:19,211][WARN ][o.e.m.j.JvmGcMonitorService] [p5foedU] [gc][young][109877][1726] duration [31.8s], collections [1]/[34.8s], total [31.8s]/[56.4s], memory [454.9mb]->[188.9mb]/[990.7mb], all_pools {[young] [266.2mb]->[265.5kb]/[266.2mb]}{[survivor] [332.9kb]->[348.6kb]/[33.2mb]}{[old] [188.4mb]->[188.4mb]/[691.2mb]}
[2018-05-16T12:47:39,111][WARN ][o.e.m.j.JvmGcMonitorService] [p5foedU] [gc][109877] overhead, spent [31.8s] collecting in the last [34.8s]
[2018-05-16T12:47:43,494][INFO ][o.e.n.Node               ] [p5foedU] stopping ...
[2018-05-16T12:48:20,902][DEBUG][o.e.a.a.c.n.s.TransportNodesStatsAction] [p5foedU] failed to execute on node [p5foedUETUitLE_7QR2XNg]
org.elasticsearch.transport.SendRequestTransportException: [p5foedU][127.0.0.1:9300][cluster:monitor/nodes/stats[n]]
	at org.elasticsearch.transport.TransportService.sendRequestInternal(TransportService.java:608) ~[elasticsearch-6.2.4.jar:6.2.4]
	at org.elasticsearch.transport.TransportService.sendRequest(TransportService.java:518) ~[elasticsearch-6.2.4.jar:6.2.4]
	at org.elasticsearch.transport.TransportService.sendRequest(TransportService.java:506) ~[elasticsearch-6.2.4.jar:6.2.4]
	at org.elasticsearch.action.support.nodes.TransportNodesAction$AsyncAction.start(TransportNodesAction.java:197) ~[elasticsearch-6.2.4.jar:6.2.4]
	at org.elasticsearch.action.support.nodes.TransportNodesAction.doExecute(TransportNodesAction.java:89) ~[elasticsearch-6.2.4.jar:6.2.4]
	at org.elasticsearch.action.support.nodes.TransportNodesAction.doExecute(TransportNodesAction.java:52) ~[elasticsearch-6.2.4.jar:6.2.4]
	at org.elasticsearch.action.support.TransportAction$RequestFilterChain.proceed(TransportAction.java:167) ~[elasticsearch-6.2.4.jar:6.2.4]
	at org.elasticsearch.action.support.TransportAction.execute(TransportAction.java:139) ~[elasticsearch-6.2.4.jar:6.2.4]
	at org.elasticsearch.action.support.TransportAction.execute(TransportAction.java:81) ~[elasticsearch-6.2.4.jar:6.2.4]
	at org.elasticsearch.client.node.NodeClient.executeLocally(NodeClient.java:83) ~[elasticsearch-6.2.4.jar:6.2.4]
	at org.elasticsearch.client.node.NodeClient.doExecute(NodeClient.java:72) ~[elasticsearch-6.2.4.jar:6.2.4]
	at org.elasticsearch.client.support.AbstractClient.execute(AbstractClient.java:405) ~[elasticsearch-6.2.4.jar:6.2.4]
	at org.elasticsearch.client.support.AbstractClient$ClusterAdmin.execute(AbstractClient.java:712) ~[elasticsearch-6.2.4.jar:6.2.4]
	at org.elasticsearch.client.support.AbstractClient$ClusterAdmin.nodesStats(AbstractClient.java:808) ~[elasticsearch-6.2.4.jar:6.2.4]
	at org.elasticsearch.cluster.InternalClusterInfoService.updateNodeStats(InternalClusterInfoService.java:254) ~[elasticsearch-6.2.4.jar:6.2.4]
	at org.elasticsearch.cluster.InternalClusterInfoService.refresh(InternalClusterInfoService.java:290) ~[elasticsearch-6.2.4.jar:6.2.4]
	at org.elasticsearch.cluster.InternalClusterInfoService.maybeRefresh(InternalClusterInfoService.java:275) ~[elasticsearch-6.2.4.jar:6.2.4]
	at org.elasticsearch.cluster.InternalClusterInfoService.access$500(InternalClusterInfoService.java:68) ~[elasticsearch-6.2.4.jar:6.2.4]
	at org.elasticsearch.cluster.InternalClusterInfoService$SubmitReschedulingClusterInfoUpdatedJob.lambda$run$0(InternalClusterInfoService.java:222) ~[elasticsearch-6.2.4.jar:6.2.4]
	at org.elasticsearch.common.util.concurrent.ThreadContext$ContextPreservingRunnable.run(ThreadContext.java:573) ~[elasticsearch-6.2.4.jar:6.2.4]
	at java.util.concurrent.ThreadPoolExecutor.runWorker(ThreadPoolExecutor.java:1149) [?:1.8.0_171]
	at java.util.concurrent.ThreadPoolExecutor$Worker.run(ThreadPoolExecutor.java:624) [?:1.8.0_171]
	at java.lang.Thread.run(Thread.java:748) [?:1.8.0_171]
Caused by: org.elasticsearch.transport.TransportException: TransportService is closed stopped can't send request
	at org.elasticsearch.transport.TransportService.sendRequestInternal(TransportService.java:592) ~[elasticsearch-6.2.4.jar:6.2.4]
	... 22 more
[2018-05-16T12:48:20,902][DEBUG][o.e.a.a.i.s.TransportIndicesStatsAction] [p5foedU] failed to execute [indices:monitor/stats] on node [p5foedUETUitLE_7QR2XNg]
org.elasticsearch.transport.SendRequestTransportException: [p5foedU][127.0.0.1:9300][indices:monitor/stats[n]]
	at org.elasticsearch.transport.TransportService.sendRequestInternal(TransportService.java:608) ~[elasticsearch-6.2.4.jar:6.2.4]
	at org.elasticsearch.transport.TransportService.sendRequest(TransportService.java:518) ~[elasticsearch-6.2.4.jar:6.2.4]
	at org.elasticsearch.transport.TransportService.sendRequest(TransportService.java:493) ~[elasticsearch-6.2.4.jar:6.2.4]
	at org.elasticsearch.action.support.broadcast.node.TransportBroadcastByNodeAction$AsyncAction.sendNodeRequest(TransportBroadcastByNodeAction.java:322) ~[elasticsearch-6.2.4.jar:6.2.4]
	at org.elasticsearch.action.support.broadcast.node.TransportBroadcastByNodeAction$AsyncAction.start(TransportBroadcastByNodeAction.java:311) ~[elasticsearch-6.2.4.jar:6.2.4]
	at org.elasticsearch.action.support.broadcast.node.TransportBroadcastByNodeAction.doExecute(TransportBroadcastByNodeAction.java:234) ~[elasticsearch-6.2.4.jar:6.2.4]
	at org.elasticsearch.action.support.broadcast.node.TransportBroadcastByNodeAction.doExecute(TransportBroadcastByNodeAction.java:79) ~[elasticsearch-6.2.4.jar:6.2.4]
	at org.elasticsearch.action.support.TransportAction$RequestFilterChain.proceed(TransportAction.java:167) ~[elasticsearch-6.2.4.jar:6.2.4]
	at org.elasticsearch.action.support.TransportAction.execute(TransportAction.java:139) ~[elasticsearch-6.2.4.jar:6.2.4]
	at org.elasticsearch.action.support.TransportAction.execute(TransportAction.java:81) ~[elasticsearch-6.2.4.jar:6.2.4]
	at org.elasticsearch.client.node.NodeClient.executeLocally(NodeClient.java:83) ~[elasticsearch-6.2.4.jar:6.2.4]
	at org.elasticsearch.client.node.NodeClient.doExecute(NodeClient.java:72) ~[elasticsearch-6.2.4.jar:6.2.4]
	at org.elasticsearch.client.support.AbstractClient.execute(AbstractClient.java:405) ~[elasticsearch-6.2.4.jar:6.2.4]
	at org.elasticsearch.client.support.AbstractClient$IndicesAdmin.execute(AbstractClient.java:1253) ~[elasticsearch-6.2.4.jar:6.2.4]
	at org.elasticsearch.client.support.AbstractClient$IndicesAdmin.stats(AbstractClient.java:1574) ~[elasticsearch-6.2.4.jar:6.2.4]
	at org.elasticsearch.cluster.InternalClusterInfoService.updateIndicesStats(InternalClusterInfoService.java:268) ~[elasticsearch-6.2.4.jar:6.2.4]
	at org.elasticsearch.cluster.InternalClusterInfoService.refresh(InternalClusterInfoService.java:319) ~[elasticsearch-6.2.4.jar:6.2.4]
	at org.elasticsearch.cluster.InternalClusterInfoService.maybeRefresh(InternalClusterInfoService.java:275) ~[elasticsearch-6.2.4.jar:6.2.4]
	at org.elasticsearch.cluster.InternalClusterInfoService.access$500(InternalClusterInfoService.java:68) ~[elasticsearch-6.2.4.jar:6.2.4]
	at org.elasticsearch.cluster.InternalClusterInfoService$SubmitReschedulingClusterInfoUpdatedJob.lambda$run$0(InternalClusterInfoService.java:222) ~[elasticsearch-6.2.4.jar:6.2.4]
	at org.elasticsearch.common.util.concurrent.ThreadContext$ContextPreservingRunnable.run(ThreadContext.java:573) ~[elasticsearch-6.2.4.jar:6.2.4]
	at java.util.concurrent.ThreadPoolExecutor.runWorker(ThreadPoolExecutor.java:1149) [?:1.8.0_171]
	at java.util.concurrent.ThreadPoolExecutor$Worker.run(ThreadPoolExecutor.java:624) [?:1.8.0_171]
	at java.lang.Thread.run(Thread.java:748) [?:1.8.0_171]
Caused by: org.elasticsearch.transport.TransportException: TransportService is closed stopped can't send request
	at org.elasticsearch.transport.TransportService.sendRequestInternal(TransportService.java:592) ~[elasticsearch-6.2.4.jar:6.2.4]
	... 23 more
[2018-05-16T12:48:29,966][INFO ][o.e.n.Node               ] [p5foedU] stopped
[2018-05-16T12:48:29,973][INFO ][o.e.n.Node               ] [p5foedU] closing ...
[2018-05-16T12:48:35,842][INFO ][o.e.n.Node               ] [p5foedU] closed
[2018-05-16T14:59:29,458][INFO ][o.e.n.Node               ] [] initializing ...
[2018-05-16T14:59:29,526][INFO ][o.e.e.NodeEnvironment    ] [p5foedU] using [1] data paths, mounts [[/ (/dev/sda3)]], net usable_space [62.9gb], net total_space [123.3gb], types [ext4]
[2018-05-16T14:59:29,526][INFO ][o.e.e.NodeEnvironment    ] [p5foedU] heap size [990.7mb], compressed ordinary object pointers [true]
[2018-05-16T14:59:29,559][INFO ][o.e.n.Node               ] node name [p5foedU] derived from node ID [p5foedUETUitLE_7QR2XNg]; set [node.name] to override
[2018-05-16T14:59:29,560][INFO ][o.e.n.Node               ] version[6.2.4], pid[6238], build[ccec39f/2018-04-12T20:37:28.497551Z], OS[Linux/4.13.0-39-generic/amd64], JVM[Oracle Corporation/Java HotSpot(TM) 64-Bit Server VM/1.8.0_171/25.171-b11]
[2018-05-16T14:59:29,560][INFO ][o.e.n.Node               ] JVM arguments [-Xms1g, -Xmx1g, -XX:+UseConcMarkSweepGC, -XX:CMSInitiatingOccupancyFraction=75, -XX:+UseCMSInitiatingOccupancyOnly, -XX:+AlwaysPreTouch, -Xss1m, -Djava.awt.headless=true, -Dfile.encoding=UTF-8, -Djna.nosys=true, -XX:-OmitStackTraceInFastThrow, -Dio.netty.noUnsafe=true, -Dio.netty.noKeySetOptimization=true, -Dio.netty.recycler.maxCapacityPerThread=0, -Dlog4j.shutdownHookEnabled=false, -Dlog4j2.disable.jmx=true, -Djava.io.tmpdir=/tmp/elasticsearch.wGU9cFFt, -XX:+HeapDumpOnOutOfMemoryError, -XX:+PrintGCDetails, -XX:+PrintGCDateStamps, -XX:+PrintTenuringDistribution, -XX:+PrintGCApplicationStoppedTime, -Xloggc:logs/gc.log, -XX:+UseGCLogFileRotation, -XX:NumberOfGCLogFiles=32, -XX:GCLogFileSize=64m, -Des.path.home=/home/heysunk/Documents/DD2476/DD2476/project/elasticsearch/elasticsearch-6.2.4, -Des.path.conf=/home/heysunk/Documents/DD2476/DD2476/project/elasticsearch/elasticsearch-6.2.4/config]
[2018-05-16T14:59:30,068][INFO ][o.e.p.PluginsService     ] [p5foedU] loaded module [aggs-matrix-stats]
[2018-05-16T14:59:30,069][INFO ][o.e.p.PluginsService     ] [p5foedU] loaded module [analysis-common]
[2018-05-16T14:59:30,069][INFO ][o.e.p.PluginsService     ] [p5foedU] loaded module [ingest-common]
[2018-05-16T14:59:30,069][INFO ][o.e.p.PluginsService     ] [p5foedU] loaded module [lang-expression]
[2018-05-16T14:59:30,069][INFO ][o.e.p.PluginsService     ] [p5foedU] loaded module [lang-mustache]
[2018-05-16T14:59:30,069][INFO ][o.e.p.PluginsService     ] [p5foedU] loaded module [lang-painless]
[2018-05-16T14:59:30,069][INFO ][o.e.p.PluginsService     ] [p5foedU] loaded module [mapper-extras]
[2018-05-16T14:59:30,069][INFO ][o.e.p.PluginsService     ] [p5foedU] loaded module [parent-join]
[2018-05-16T14:59:30,069][INFO ][o.e.p.PluginsService     ] [p5foedU] loaded module [percolator]
[2018-05-16T14:59:30,069][INFO ][o.e.p.PluginsService     ] [p5foedU] loaded module [rank-eval]
[2018-05-16T14:59:30,069][INFO ][o.e.p.PluginsService     ] [p5foedU] loaded module [reindex]
[2018-05-16T14:59:30,069][INFO ][o.e.p.PluginsService     ] [p5foedU] loaded module [repository-url]
[2018-05-16T14:59:30,069][INFO ][o.e.p.PluginsService     ] [p5foedU] loaded module [transport-netty4]
[2018-05-16T14:59:30,070][INFO ][o.e.p.PluginsService     ] [p5foedU] loaded module [tribe]
[2018-05-16T14:59:30,070][INFO ][o.e.p.PluginsService     ] [p5foedU] no plugins loaded
[2018-05-16T14:59:32,002][INFO ][o.e.d.DiscoveryModule    ] [p5foedU] using discovery type [zen]
[2018-05-16T14:59:32,373][INFO ][o.e.n.Node               ] initialized
[2018-05-16T14:59:32,373][INFO ][o.e.n.Node               ] [p5foedU] starting ...
[2018-05-16T14:59:32,483][INFO ][o.e.t.TransportService   ] [p5foedU] publish_address {127.0.0.1:9300}, bound_addresses {[::1]:9300}, {127.0.0.1:9300}
[2018-05-16T14:59:32,497][WARN ][o.e.b.BootstrapChecks    ] [p5foedU] max file descriptors [4096] for elasticsearch process is too low, increase to at least [65536]
[2018-05-16T14:59:32,497][WARN ][o.e.b.BootstrapChecks    ] [p5foedU] max virtual memory areas vm.max_map_count [65530] is too low, increase to at least [262144]
[2018-05-16T14:59:35,547][INFO ][o.e.c.s.MasterService    ] [p5foedU] zen-disco-elected-as-master ([0] nodes joined), reason: new_master {p5foedU}{p5foedUETUitLE_7QR2XNg}{w99zmhk3T5m4cSzZO4Wdtw}{127.0.0.1}{127.0.0.1:9300}
[2018-05-16T14:59:35,551][INFO ][o.e.c.s.ClusterApplierService] [p5foedU] new_master {p5foedU}{p5foedUETUitLE_7QR2XNg}{w99zmhk3T5m4cSzZO4Wdtw}{127.0.0.1}{127.0.0.1:9300}, reason: apply cluster state (from master [master {p5foedU}{p5foedUETUitLE_7QR2XNg}{w99zmhk3T5m4cSzZO4Wdtw}{127.0.0.1}{127.0.0.1:9300} committed version [1] source [zen-disco-elected-as-master ([0] nodes joined)]])
[2018-05-16T14:59:35,566][INFO ][o.e.h.n.Netty4HttpServerTransport] [p5foedU] publish_address {127.0.0.1:9200}, bound_addresses {[::1]:9200}, {127.0.0.1:9200}
[2018-05-16T14:59:35,566][INFO ][o.e.n.Node               ] [p5foedU] started
[2018-05-16T14:59:35,724][INFO ][o.e.g.GatewayService     ] [p5foedU] recovered [3] indices into cluster_state
[2018-05-16T14:59:36,353][INFO ][o.e.c.r.a.AllocationService] [p5foedU] Cluster health status changed from [RED] to [YELLOW] (reason: [shards started [[test-index][3], [test-index][4], [test-index][1], [twitter][1]] ...]).
[2018-05-16T16:28:16,202][DEBUG][o.e.a.s.TransportSearchAction] [p5foedU] [twitter][0], node[p5foedUETUitLE_7QR2XNg], [P], s[STARTED], a[id=dBr_iPMAQCalU4wKTdcGlw]: Failed to execute [SearchRequest{searchType=QUERY_THEN_FETCH, indices=[twitter], indicesOptions=IndicesOptions[id=38, ignore_unavailable=false, allow_no_indices=true, expand_wildcards_open=true, expand_wildcards_closed=false, allow_aliases_to_multiple_indices=true, forbid_closed_indices=true, ignore_aliases=false], types=[], routing='null', preference='null', requestCache=null, scroll=null, maxConcurrentShardRequests=5, batchedReduceSize=512, preFilterShardSize=128, source={"size":100000000,"query":{"match_all":{"boost":1.0}}}}] lastShard [true]
org.elasticsearch.transport.RemoteTransportException: [p5foedU][127.0.0.1:9300][indices:data/read/search[phase/query]]
Caused by: org.elasticsearch.search.query.QueryPhaseExecutionException: Result window is too large, from + size must be less than or equal to: [10000] but was [100000000]. See the scroll api for a more efficient way to request large data sets. This limit can be set by changing the [index.max_result_window] index level setting.
	at org.elasticsearch.search.DefaultSearchContext.preProcess(DefaultSearchContext.java:206) ~[elasticsearch-6.2.4.jar:6.2.4]
	at org.elasticsearch.search.query.QueryPhase.preProcess(QueryPhase.java:89) ~[elasticsearch-6.2.4.jar:6.2.4]
	at org.elasticsearch.search.SearchService.createContext(SearchService.java:570) ~[elasticsearch-6.2.4.jar:6.2.4]
	at org.elasticsearch.search.SearchService.createAndPutContext(SearchService.java:534) ~[elasticsearch-6.2.4.jar:6.2.4]
	at org.elasticsearch.search.SearchService.executeQueryPhase(SearchService.java:330) ~[elasticsearch-6.2.4.jar:6.2.4]
	at org.elasticsearch.search.SearchService$2.onResponse(SearchService.java:316) [elasticsearch-6.2.4.jar:6.2.4]
	at org.elasticsearch.search.SearchService$2.onResponse(SearchService.java:312) [elasticsearch-6.2.4.jar:6.2.4]
	at org.elasticsearch.search.SearchService$3.doRun(SearchService.java:1002) [elasticsearch-6.2.4.jar:6.2.4]
	at org.elasticsearch.common.util.concurrent.ThreadContext$ContextPreservingAbstractRunnable.doRun(ThreadContext.java:672) [elasticsearch-6.2.4.jar:6.2.4]
	at org.elasticsearch.common.util.concurrent.AbstractRunnable.run(AbstractRunnable.java:37) [elasticsearch-6.2.4.jar:6.2.4]
	at org.elasticsearch.common.util.concurrent.TimedRunnable.doRun(TimedRunnable.java:41) [elasticsearch-6.2.4.jar:6.2.4]
	at org.elasticsearch.common.util.concurrent.AbstractRunnable.run(AbstractRunnable.java:37) [elasticsearch-6.2.4.jar:6.2.4]
	at java.util.concurrent.ThreadPoolExecutor.runWorker(ThreadPoolExecutor.java:1149) [?:1.8.0_171]
	at java.util.concurrent.ThreadPoolExecutor$Worker.run(ThreadPoolExecutor.java:624) [?:1.8.0_171]
	at java.lang.Thread.run(Thread.java:748) [?:1.8.0_171]
[2018-05-16T16:28:16,202][DEBUG][o.e.a.s.TransportSearchAction] [p5foedU] [twitter][1], node[p5foedUETUitLE_7QR2XNg], [P], s[STARTED], a[id=-wvieQhoSsWDOYoXz97ZFQ]: Failed to execute [SearchRequest{searchType=QUERY_THEN_FETCH, indices=[twitter], indicesOptions=IndicesOptions[id=38, ignore_unavailable=false, allow_no_indices=true, expand_wildcards_open=true, expand_wildcards_closed=false, allow_aliases_to_multiple_indices=true, forbid_closed_indices=true, ignore_aliases=false], types=[], routing='null', preference='null', requestCache=null, scroll=null, maxConcurrentShardRequests=5, batchedReduceSize=512, preFilterShardSize=128, source={"size":100000000,"query":{"match_all":{"boost":1.0}}}}] lastShard [true]
org.elasticsearch.transport.RemoteTransportException: [p5foedU][127.0.0.1:9300][indices:data/read/search[phase/query]]
Caused by: org.elasticsearch.search.query.QueryPhaseExecutionException: Result window is too large, from + size must be less than or equal to: [10000] but was [100000000]. See the scroll api for a more efficient way to request large data sets. This limit can be set by changing the [index.max_result_window] index level setting.
	at org.elasticsearch.search.DefaultSearchContext.preProcess(DefaultSearchContext.java:206) ~[elasticsearch-6.2.4.jar:6.2.4]
	at org.elasticsearch.search.query.QueryPhase.preProcess(QueryPhase.java:89) ~[elasticsearch-6.2.4.jar:6.2.4]
	at org.elasticsearch.search.SearchService.createContext(SearchService.java:570) ~[elasticsearch-6.2.4.jar:6.2.4]
	at org.elasticsearch.search.SearchService.createAndPutContext(SearchService.java:534) ~[elasticsearch-6.2.4.jar:6.2.4]
	at org.elasticsearch.search.SearchService.executeQueryPhase(SearchService.java:330) ~[elasticsearch-6.2.4.jar:6.2.4]
	at org.elasticsearch.search.SearchService$2.onResponse(SearchService.java:316) [elasticsearch-6.2.4.jar:6.2.4]
	at org.elasticsearch.search.SearchService$2.onResponse(SearchService.java:312) [elasticsearch-6.2.4.jar:6.2.4]
	at org.elasticsearch.search.SearchService$3.doRun(SearchService.java:1002) [elasticsearch-6.2.4.jar:6.2.4]
	at org.elasticsearch.common.util.concurrent.ThreadContext$ContextPreservingAbstractRunnable.doRun(ThreadContext.java:672) [elasticsearch-6.2.4.jar:6.2.4]
	at org.elasticsearch.common.util.concurrent.AbstractRunnable.run(AbstractRunnable.java:37) [elasticsearch-6.2.4.jar:6.2.4]
	at org.elasticsearch.common.util.concurrent.TimedRunnable.doRun(TimedRunnable.java:41) [elasticsearch-6.2.4.jar:6.2.4]
	at org.elasticsearch.common.util.concurrent.AbstractRunnable.run(AbstractRunnable.java:37) [elasticsearch-6.2.4.jar:6.2.4]
	at java.util.concurrent.ThreadPoolExecutor.runWorker(ThreadPoolExecutor.java:1149) [?:1.8.0_171]
	at java.util.concurrent.ThreadPoolExecutor$Worker.run(ThreadPoolExecutor.java:624) [?:1.8.0_171]
	at java.lang.Thread.run(Thread.java:748) [?:1.8.0_171]
[2018-05-16T16:28:16,203][DEBUG][o.e.a.s.TransportSearchAction] [p5foedU] [twitter][3], node[p5foedUETUitLE_7QR2XNg], [P], s[STARTED], a[id=ZjIwfrIPTS-7u9iNnHEOcQ]: Failed to execute [SearchRequest{searchType=QUERY_THEN_FETCH, indices=[twitter], indicesOptions=IndicesOptions[id=38, ignore_unavailable=false, allow_no_indices=true, expand_wildcards_open=true, expand_wildcards_closed=false, allow_aliases_to_multiple_indices=true, forbid_closed_indices=true, ignore_aliases=false], types=[], routing='null', preference='null', requestCache=null, scroll=null, maxConcurrentShardRequests=5, batchedReduceSize=512, preFilterShardSize=128, source={"size":100000000,"query":{"match_all":{"boost":1.0}}}}]
org.elasticsearch.transport.RemoteTransportException: [p5foedU][127.0.0.1:9300][indices:data/read/search[phase/query]]
Caused by: org.elasticsearch.search.query.QueryPhaseExecutionException: Result window is too large, from + size must be less than or equal to: [10000] but was [100000000]. See the scroll api for a more efficient way to request large data sets. This limit can be set by changing the [index.max_result_window] index level setting.
	at org.elasticsearch.search.DefaultSearchContext.preProcess(DefaultSearchContext.java:206) ~[elasticsearch-6.2.4.jar:6.2.4]
	at org.elasticsearch.search.query.QueryPhase.preProcess(QueryPhase.java:89) ~[elasticsearch-6.2.4.jar:6.2.4]
	at org.elasticsearch.search.SearchService.createContext(SearchService.java:570) ~[elasticsearch-6.2.4.jar:6.2.4]
	at org.elasticsearch.search.SearchService.createAndPutContext(SearchService.java:534) ~[elasticsearch-6.2.4.jar:6.2.4]
	at org.elasticsearch.search.SearchService.executeQueryPhase(SearchService.java:330) ~[elasticsearch-6.2.4.jar:6.2.4]
	at org.elasticsearch.search.SearchService$2.onResponse(SearchService.java:316) [elasticsearch-6.2.4.jar:6.2.4]
	at org.elasticsearch.search.SearchService$2.onResponse(SearchService.java:312) [elasticsearch-6.2.4.jar:6.2.4]
	at org.elasticsearch.search.SearchService$3.doRun(SearchService.java:1002) [elasticsearch-6.2.4.jar:6.2.4]
	at org.elasticsearch.common.util.concurrent.ThreadContext$ContextPreservingAbstractRunnable.doRun(ThreadContext.java:672) [elasticsearch-6.2.4.jar:6.2.4]
	at org.elasticsearch.common.util.concurrent.AbstractRunnable.run(AbstractRunnable.java:37) [elasticsearch-6.2.4.jar:6.2.4]
	at org.elasticsearch.common.util.concurrent.TimedRunnable.doRun(TimedRunnable.java:41) [elasticsearch-6.2.4.jar:6.2.4]
	at org.elasticsearch.common.util.concurrent.AbstractRunnable.run(AbstractRunnable.java:37) [elasticsearch-6.2.4.jar:6.2.4]
	at java.util.concurrent.ThreadPoolExecutor.runWorker(ThreadPoolExecutor.java:1149) [?:1.8.0_171]
	at java.util.concurrent.ThreadPoolExecutor$Worker.run(ThreadPoolExecutor.java:624) [?:1.8.0_171]
	at java.lang.Thread.run(Thread.java:748) [?:1.8.0_171]
[2018-05-16T16:28:16,202][DEBUG][o.e.a.s.TransportSearchAction] [p5foedU] [twitter][4], node[p5foedUETUitLE_7QR2XNg], [P], s[STARTED], a[id=fJ4rx2rNRXqeWazlnTqhsg]: Failed to execute [SearchRequest{searchType=QUERY_THEN_FETCH, indices=[twitter], indicesOptions=IndicesOptions[id=38, ignore_unavailable=false, allow_no_indices=true, expand_wildcards_open=true, expand_wildcards_closed=false, allow_aliases_to_multiple_indices=true, forbid_closed_indices=true, ignore_aliases=false], types=[], routing='null', preference='null', requestCache=null, scroll=null, maxConcurrentShardRequests=5, batchedReduceSize=512, preFilterShardSize=128, source={"size":100000000,"query":{"match_all":{"boost":1.0}}}}] lastShard [true]
org.elasticsearch.transport.RemoteTransportException: [p5foedU][127.0.0.1:9300][indices:data/read/search[phase/query]]
Caused by: org.elasticsearch.search.query.QueryPhaseExecutionException: Result window is too large, from + size must be less than or equal to: [10000] but was [100000000]. See the scroll api for a more efficient way to request large data sets. This limit can be set by changing the [index.max_result_window] index level setting.
	at org.elasticsearch.search.DefaultSearchContext.preProcess(DefaultSearchContext.java:206) ~[elasticsearch-6.2.4.jar:6.2.4]
	at org.elasticsearch.search.query.QueryPhase.preProcess(QueryPhase.java:89) ~[elasticsearch-6.2.4.jar:6.2.4]
	at org.elasticsearch.search.SearchService.createContext(SearchService.java:570) ~[elasticsearch-6.2.4.jar:6.2.4]
	at org.elasticsearch.search.SearchService.createAndPutContext(SearchService.java:534) ~[elasticsearch-6.2.4.jar:6.2.4]
	at org.elasticsearch.search.SearchService.executeQueryPhase(SearchService.java:330) ~[elasticsearch-6.2.4.jar:6.2.4]
	at org.elasticsearch.search.SearchService$2.onResponse(SearchService.java:316) [elasticsearch-6.2.4.jar:6.2.4]
	at org.elasticsearch.search.SearchService$2.onResponse(SearchService.java:312) [elasticsearch-6.2.4.jar:6.2.4]
	at org.elasticsearch.search.SearchService$3.doRun(SearchService.java:1002) [elasticsearch-6.2.4.jar:6.2.4]
	at org.elasticsearch.common.util.concurrent.ThreadContext$ContextPreservingAbstractRunnable.doRun(ThreadContext.java:672) [elasticsearch-6.2.4.jar:6.2.4]
	at org.elasticsearch.common.util.concurrent.AbstractRunnable.run(AbstractRunnable.java:37) [elasticsearch-6.2.4.jar:6.2.4]
	at org.elasticsearch.common.util.concurrent.TimedRunnable.doRun(TimedRunnable.java:41) [elasticsearch-6.2.4.jar:6.2.4]
	at org.elasticsearch.common.util.concurrent.AbstractRunnable.run(AbstractRunnable.java:37) [elasticsearch-6.2.4.jar:6.2.4]
	at java.util.concurrent.ThreadPoolExecutor.runWorker(ThreadPoolExecutor.java:1149) [?:1.8.0_171]
	at java.util.concurrent.ThreadPoolExecutor$Worker.run(ThreadPoolExecutor.java:624) [?:1.8.0_171]
	at java.lang.Thread.run(Thread.java:748) [?:1.8.0_171]
[2018-05-16T16:28:16,208][DEBUG][o.e.a.s.TransportSearchAction] [p5foedU] All shards failed for phase: [query]
org.elasticsearch.search.query.QueryPhaseExecutionException: Result window is too large, from + size must be less than or equal to: [10000] but was [100000000]. See the scroll api for a more efficient way to request large data sets. This limit can be set by changing the [index.max_result_window] index level setting.
	at org.elasticsearch.search.DefaultSearchContext.preProcess(DefaultSearchContext.java:206) ~[elasticsearch-6.2.4.jar:6.2.4]
	at org.elasticsearch.search.query.QueryPhase.preProcess(QueryPhase.java:89) ~[elasticsearch-6.2.4.jar:6.2.4]
	at org.elasticsearch.search.SearchService.createContext(SearchService.java:570) ~[elasticsearch-6.2.4.jar:6.2.4]
	at org.elasticsearch.search.SearchService.createAndPutContext(SearchService.java:534) ~[elasticsearch-6.2.4.jar:6.2.4]
	at org.elasticsearch.search.SearchService.executeQueryPhase(SearchService.java:330) ~[elasticsearch-6.2.4.jar:6.2.4]
	at org.elasticsearch.search.SearchService$2.onResponse(SearchService.java:316) [elasticsearch-6.2.4.jar:6.2.4]
	at org.elasticsearch.search.SearchService$2.onResponse(SearchService.java:312) [elasticsearch-6.2.4.jar:6.2.4]
	at org.elasticsearch.search.SearchService$3.doRun(SearchService.java:1002) [elasticsearch-6.2.4.jar:6.2.4]
	at org.elasticsearch.common.util.concurrent.ThreadContext$ContextPreservingAbstractRunnable.doRun(ThreadContext.java:672) [elasticsearch-6.2.4.jar:6.2.4]
	at org.elasticsearch.common.util.concurrent.AbstractRunnable.run(AbstractRunnable.java:37) [elasticsearch-6.2.4.jar:6.2.4]
	at org.elasticsearch.common.util.concurrent.TimedRunnable.doRun(TimedRunnable.java:41) [elasticsearch-6.2.4.jar:6.2.4]
	at org.elasticsearch.common.util.concurrent.AbstractRunnable.run(AbstractRunnable.java:37) [elasticsearch-6.2.4.jar:6.2.4]
	at java.util.concurrent.ThreadPoolExecutor.runWorker(ThreadPoolExecutor.java:1149) [?:1.8.0_171]
	at java.util.concurrent.ThreadPoolExecutor$Worker.run(ThreadPoolExecutor.java:624) [?:1.8.0_171]
	at java.lang.Thread.run(Thread.java:748) [?:1.8.0_171]
[2018-05-16T16:28:16,210][WARN ][r.suppressed             ] path: /twitter/_search, params: {index=twitter}
org.elasticsearch.action.search.SearchPhaseExecutionException: all shards failed
	at org.elasticsearch.action.search.AbstractSearchAsyncAction.onPhaseFailure(AbstractSearchAsyncAction.java:274) ~[elasticsearch-6.2.4.jar:6.2.4]
	at org.elasticsearch.action.search.AbstractSearchAsyncAction.executeNextPhase(AbstractSearchAsyncAction.java:132) ~[elasticsearch-6.2.4.jar:6.2.4]
	at org.elasticsearch.action.search.AbstractSearchAsyncAction.onPhaseDone(AbstractSearchAsyncAction.java:243) ~[elasticsearch-6.2.4.jar:6.2.4]
	at org.elasticsearch.action.search.InitialSearchPhase.onShardFailure(InitialSearchPhase.java:107) ~[elasticsearch-6.2.4.jar:6.2.4]
	at org.elasticsearch.action.search.InitialSearchPhase.access$100(InitialSearchPhase.java:49) ~[elasticsearch-6.2.4.jar:6.2.4]
	at org.elasticsearch.action.search.InitialSearchPhase$2.lambda$onFailure$1(InitialSearchPhase.java:217) ~[elasticsearch-6.2.4.jar:6.2.4]
	at org.elasticsearch.action.search.InitialSearchPhase.maybeFork(InitialSearchPhase.java:171) [elasticsearch-6.2.4.jar:6.2.4]
	at org.elasticsearch.action.search.InitialSearchPhase.access$000(InitialSearchPhase.java:49) [elasticsearch-6.2.4.jar:6.2.4]
	at org.elasticsearch.action.search.InitialSearchPhase$2.onFailure(InitialSearchPhase.java:217) [elasticsearch-6.2.4.jar:6.2.4]
	at org.elasticsearch.action.search.SearchExecutionStatsCollector.onFailure(SearchExecutionStatsCollector.java:73) [elasticsearch-6.2.4.jar:6.2.4]
	at org.elasticsearch.action.ActionListenerResponseHandler.handleException(ActionListenerResponseHandler.java:51) [elasticsearch-6.2.4.jar:6.2.4]
	at org.elasticsearch.action.search.SearchTransportService$ConnectionCountingHandler.handleException(SearchTransportService.java:527) [elasticsearch-6.2.4.jar:6.2.4]
	at org.elasticsearch.transport.TransportService$ContextRestoreResponseHandler.handleException(TransportService.java:1098) [elasticsearch-6.2.4.jar:6.2.4]
	at org.elasticsearch.transport.TransportService$DirectResponseChannel.processException(TransportService.java:1191) [elasticsearch-6.2.4.jar:6.2.4]
	at org.elasticsearch.transport.TransportService$DirectResponseChannel.sendResponse(TransportService.java:1175) [elasticsearch-6.2.4.jar:6.2.4]
	at org.elasticsearch.transport.TaskTransportChannel.sendResponse(TaskTransportChannel.java:66) [elasticsearch-6.2.4.jar:6.2.4]
	at org.elasticsearch.action.search.SearchTransportService$6$1.onFailure(SearchTransportService.java:385) [elasticsearch-6.2.4.jar:6.2.4]
	at org.elasticsearch.search.SearchService$2.onFailure(SearchService.java:324) [elasticsearch-6.2.4.jar:6.2.4]
	at org.elasticsearch.search.SearchService$2.onResponse(SearchService.java:318) [elasticsearch-6.2.4.jar:6.2.4]
	at org.elasticsearch.search.SearchService$2.onResponse(SearchService.java:312) [elasticsearch-6.2.4.jar:6.2.4]
	at org.elasticsearch.search.SearchService$3.doRun(SearchService.java:1002) [elasticsearch-6.2.4.jar:6.2.4]
	at org.elasticsearch.common.util.concurrent.ThreadContext$ContextPreservingAbstractRunnable.doRun(ThreadContext.java:672) [elasticsearch-6.2.4.jar:6.2.4]
	at org.elasticsearch.common.util.concurrent.AbstractRunnable.run(AbstractRunnable.java:37) [elasticsearch-6.2.4.jar:6.2.4]
	at org.elasticsearch.common.util.concurrent.TimedRunnable.doRun(TimedRunnable.java:41) [elasticsearch-6.2.4.jar:6.2.4]
	at org.elasticsearch.common.util.concurrent.AbstractRunnable.run(AbstractRunnable.java:37) [elasticsearch-6.2.4.jar:6.2.4]
	at java.util.concurrent.ThreadPoolExecutor.runWorker(ThreadPoolExecutor.java:1149) [?:1.8.0_171]
	at java.util.concurrent.ThreadPoolExecutor$Worker.run(ThreadPoolExecutor.java:624) [?:1.8.0_171]
	at java.lang.Thread.run(Thread.java:748) [?:1.8.0_171]
Caused by: org.elasticsearch.search.query.QueryPhaseExecutionException: Result window is too large, from + size must be less than or equal to: [10000] but was [100000000]. See the scroll api for a more efficient way to request large data sets. This limit can be set by changing the [index.max_result_window] index level setting.
	at org.elasticsearch.search.DefaultSearchContext.preProcess(DefaultSearchContext.java:206) ~[elasticsearch-6.2.4.jar:6.2.4]
	at org.elasticsearch.search.query.QueryPhase.preProcess(QueryPhase.java:89) ~[elasticsearch-6.2.4.jar:6.2.4]
	at org.elasticsearch.search.SearchService.createContext(SearchService.java:570) ~[elasticsearch-6.2.4.jar:6.2.4]
	at org.elasticsearch.search.SearchService.createAndPutContext(SearchService.java:534) ~[elasticsearch-6.2.4.jar:6.2.4]
	at org.elasticsearch.search.SearchService.executeQueryPhase(SearchService.java:330) ~[elasticsearch-6.2.4.jar:6.2.4]
	at org.elasticsearch.search.SearchService$2.onResponse(SearchService.java:316) ~[elasticsearch-6.2.4.jar:6.2.4]
	... 9 more
[2018-05-16T16:28:16,202][DEBUG][o.e.a.s.TransportSearchAction] [p5foedU] [twitter][2], node[p5foedUETUitLE_7QR2XNg], [P], s[STARTED], a[id=qmG4Auq9QSCFeOg-pCtO6g]: Failed to execute [SearchRequest{searchType=QUERY_THEN_FETCH, indices=[twitter], indicesOptions=IndicesOptions[id=38, ignore_unavailable=false, allow_no_indices=true, expand_wildcards_open=true, expand_wildcards_closed=false, allow_aliases_to_multiple_indices=true, forbid_closed_indices=true, ignore_aliases=false], types=[], routing='null', preference='null', requestCache=null, scroll=null, maxConcurrentShardRequests=5, batchedReduceSize=512, preFilterShardSize=128, source={"size":100000000,"query":{"match_all":{"boost":1.0}}}}] lastShard [true]
org.elasticsearch.transport.RemoteTransportException: [p5foedU][127.0.0.1:9300][indices:data/read/search[phase/query]]
Caused by: org.elasticsearch.search.query.QueryPhaseExecutionException: Result window is too large, from + size must be less than or equal to: [10000] but was [100000000]. See the scroll api for a more efficient way to request large data sets. This limit can be set by changing the [index.max_result_window] index level setting.
	at org.elasticsearch.search.DefaultSearchContext.preProcess(DefaultSearchContext.java:206) ~[elasticsearch-6.2.4.jar:6.2.4]
	at org.elasticsearch.search.query.QueryPhase.preProcess(QueryPhase.java:89) ~[elasticsearch-6.2.4.jar:6.2.4]
	at org.elasticsearch.search.SearchService.createContext(SearchService.java:570) ~[elasticsearch-6.2.4.jar:6.2.4]
	at org.elasticsearch.search.SearchService.createAndPutContext(SearchService.java:534) ~[elasticsearch-6.2.4.jar:6.2.4]
	at org.elasticsearch.search.SearchService.executeQueryPhase(SearchService.java:330) ~[elasticsearch-6.2.4.jar:6.2.4]
	at org.elasticsearch.search.SearchService$2.onResponse(SearchService.java:316) [elasticsearch-6.2.4.jar:6.2.4]
	at org.elasticsearch.search.SearchService$2.onResponse(SearchService.java:312) [elasticsearch-6.2.4.jar:6.2.4]
	at org.elasticsearch.search.SearchService$3.doRun(SearchService.java:1002) [elasticsearch-6.2.4.jar:6.2.4]
	at org.elasticsearch.common.util.concurrent.ThreadContext$ContextPreservingAbstractRunnable.doRun(ThreadContext.java:672) [elasticsearch-6.2.4.jar:6.2.4]
	at org.elasticsearch.common.util.concurrent.AbstractRunnable.run(AbstractRunnable.java:37) [elasticsearch-6.2.4.jar:6.2.4]
	at org.elasticsearch.common.util.concurrent.TimedRunnable.doRun(TimedRunnable.java:41) [elasticsearch-6.2.4.jar:6.2.4]
	at org.elasticsearch.common.util.concurrent.AbstractRunnable.run(AbstractRunnable.java:37) [elasticsearch-6.2.4.jar:6.2.4]
	at java.util.concurrent.ThreadPoolExecutor.runWorker(ThreadPoolExecutor.java:1149) [?:1.8.0_171]
	at java.util.concurrent.ThreadPoolExecutor$Worker.run(ThreadPoolExecutor.java:624) [?:1.8.0_171]
	at java.lang.Thread.run(Thread.java:748) [?:1.8.0_171]
